
C:\Work\IonMobility\svn\mobility_mzIdentML\mobility_mzIdentML>java -jar "dist\mobility_mzIdentML.jar" 4 ..\..\Data\IMMS_data\final_mgf\300610-CARBONIC_ANHYDRASE_JUNE_2010_02combined_ppmShift.mgf ..\..\Data\IMMS_data\temp_mascot_res\300610-CARBONIC_ANHYDRASE_JUNE_2010_02F011348.mzid ..\..\Data\IMMS_data\temp_mascot_res\300610-CARBONIC_ANHYDRASE_JUNE_2010_02F011348_plusMob.mzid  
2012-02-27 12:43:05,066 WARN MzIdentMLElement - MzIdentML Configuration file: jar:file:/C:/Work/IonMobility/svn/mobility_mzIdentML/mobility_mzIdentML/dist/lib/jmzidentml-1.1.3.jar!/defaultMzIdentMLElement.cfg.xml
Check the output file: ..\..\Data\IMMS_data\temp_mascot_res\300610-CARBONIC_ANHYDRASE_JUNE_2010_02F011348_plusMob.mzid

C:\Work\IonMobility\svn\mobility_mzIdentML\mobility_mzIdentML>java -jar "dist\mobility_mzIdentML.jar" 4 ..\..\Data\IMMS_data\final_mgf\CarbonicAnhydrase_210610combined_ppmShift.mgf ..\..\Data\IMMS_data\temp_mascot_res\CarbonicAnhydrase_210610F011350.mzid ..\..\Data\IMMS_data\temp_mascot_res\CarbonicAnhydrase_210610F011350_plusMob.mzid 
2012-02-27 12:43:06,033 WARN MzIdentMLElement - MzIdentML Configuration file: jar:file:/C:/Work/IonMobility/svn/mobility_mzIdentML/mobility_mzIdentML/dist/lib/jmzidentml-1.1.3.jar!/defaultMzIdentMLElement.cfg.xml
Check the output file: ..\..\Data\IMMS_data\temp_mascot_res\CarbonicAnhydrase_210610F011350_plusMob.mzid

C:\Work\IonMobility\svn\mobility_mzIdentML\mobility_mzIdentML>java -jar "dist\mobility_mzIdentML.jar" 4 ..\..\Data\IMMS_data\final_mgf\carbonic_anhydrase_peptidecombined_ppmShift.mgf ..\..\Data\IMMS_data\temp_mascot_res\carbonic_anhydrase_peptideF011349.mzid ..\..\Data\IMMS_data\temp_mascot_res\carbonic_anhydrase_peptideF011349_plusMob.mzid 
2012-02-27 12:43:06,955 WARN MzIdentMLElement - MzIdentML Configuration file: jar:file:/C:/Work/IonMobility/svn/mobility_mzIdentML/mobility_mzIdentML/dist/lib/jmzidentml-1.1.3.jar!/defaultMzIdentMLElement.cfg.xml
Check the output file: ..\..\Data\IMMS_data\temp_mascot_res\carbonic_anhydrase_peptideF011349_plusMob.mzid

C:\Work\IonMobility\svn\mobility_mzIdentML\mobility_mzIdentML>java -jar "dist\mobility_mzIdentML.jar" 4 ..\..\Data\IMMS_data\final_mgf\filter_ions300610-CARBONIC_ANHYDRASE_JUNE_2010_02_1plusOnlycombined_ppmShift.mgf ..\..\Data\IMMS_data\temp_mascot_res\filter_ions300610-CARBONIC_ANHYDRASE_JUNE_2010_02F011358.mzid ..\..\Data\IMMS_data\temp_mascot_res\filter_ions300610-CARBONIC_ANHYDRASE_JUNE_2010_02F011358_plusMob.mzid 
2012-02-27 12:43:07,774 WARN MzIdentMLElement - MzIdentML Configuration file: jar:file:/C:/Work/IonMobility/svn/mobility_mzIdentML/mobility_mzIdentML/dist/lib/jmzidentml-1.1.3.jar!/defaultMzIdentMLElement.cfg.xml
Check the output file: ..\..\Data\IMMS_data\temp_mascot_res\filter_ions300610-CARBONIC_ANHYDRASE_JUNE_2010_02F011358_plusMob.mzid

C:\Work\IonMobility\svn\mobility_mzIdentML\mobility_mzIdentML>java -jar "dist\mobility_mzIdentML.jar" 4 ..\..\Data\IMMS_data\final_mgf\filter_ionsCarbonicAnhydrase_210610_1plusOnlycombined_ppmShift.mgf ..\..\Data\IMMS_data\temp_mascot_res\filter_ionsCarbonicAnhydrase_210610F011360.mzid ..\..\Data\IMMS_data\temp_mascot_res\filter_ionsCarbonicAnhydrase_210610F011360_plusMob.mzid 
2012-02-27 12:43:08,722 WARN MzIdentMLElement - MzIdentML Configuration file: jar:file:/C:/Work/IonMobility/svn/mobility_mzIdentML/mobility_mzIdentML/dist/lib/jmzidentml-1.1.3.jar!/defaultMzIdentMLElement.cfg.xml
Check the output file: ..\..\Data\IMMS_data\temp_mascot_res\filter_ionsCarbonicAnhydrase_210610F011360_plusMob.mzid

C:\Work\IonMobility\svn\mobility_mzIdentML\mobility_mzIdentML>java -jar "dist\mobility_mzIdentML.jar" 4 ..\..\Data\IMMS_data\final_mgf\filter_ionscarbonic_anhydrase_peptide_1plusOnlycombined_ppmShift.mgf ..\..\Data\IMMS_data\temp_mascot_res\filter_ionscarbonic_anhydrase_peptideF011359.mzid ..\..\Data\IMMS_data\temp_mascot_res\filter_ionscarbonic_anhydrase_peptideF011359_plusMob.mzid 
2012-02-27 12:43:09,639 WARN MzIdentMLElement - MzIdentML Configuration file: jar:file:/C:/Work/IonMobility/svn/mobility_mzIdentML/mobility_mzIdentML/dist/lib/jmzidentml-1.1.3.jar!/defaultMzIdentMLElement.cfg.xml
Check the output file: ..\..\Data\IMMS_data\temp_mascot_res\filter_ionscarbonic_anhydrase_peptideF011359_plusMob.mzid

C:\Work\IonMobility\svn\mobility_mzIdentML\mobility_mzIdentML>java -jar "dist\mobility_mzIdentML.jar" 4 ..\..\Data\IMMS_data\final_mgf\filter_ionsGlycogen_phosphorylase_210510_1plusOnlycombined_ppmShift.mgf ..\..\Data\IMMS_data\temp_mascot_res\filter_ionsGlycogen_phosphorylaseF011361.mzid ..\..\Data\IMMS_data\temp_mascot_res\filter_ionsGlycogen_phosphorylaseF011361_plusMob.mzid 
2012-02-27 12:43:10,462 WARN MzIdentMLElement - MzIdentML Configuration file: jar:file:/C:/Work/IonMobility/svn/mobility_mzIdentML/mobility_mzIdentML/dist/lib/jmzidentml-1.1.3.jar!/defaultMzIdentMLElement.cfg.xml
Check the output file: ..\..\Data\IMMS_data\temp_mascot_res\filter_ionsGlycogen_phosphorylaseF011361_plusMob.mzid

C:\Work\IonMobility\svn\mobility_mzIdentML\mobility_mzIdentML>java -jar "dist\mobility_mzIdentML.jar" 4 ..\..\Data\IMMS_data\final_mgf\filter_ionsGlyphos_250510_1plusOnlycombined_ppmShift.mgf ..\..\Data\IMMS_data\temp_mascot_res\filter_ionsGlyphos_250510F011357.mzid ..\..\Data\IMMS_data\temp_mascot_res\filter_ionsGlyphos_250510F011357_plusMob.mzid 
2012-02-27 12:43:11,254 WARN MzIdentMLElement - MzIdentML Configuration file: jar:file:/C:/Work/IonMobility/svn/mobility_mzIdentML/mobility_mzIdentML/dist/lib/jmzidentml-1.1.3.jar!/defaultMzIdentMLElement.cfg.xml
Check the output file: ..\..\Data\IMMS_data\temp_mascot_res\filter_ionsGlyphos_250510F011357_plusMob.mzid

C:\Work\IonMobility\svn\mobility_mzIdentML\mobility_mzIdentML>java -jar "dist\mobility_mzIdentML.jar" 4 ..\..\Data\IMMS_data\final_mgf\Glycogen_phosphorylase_210510combined_ppmShift.mgf ..\..\Data\IMMS_data\temp_mascot_res\Glycogen_phosphorylase_210510F011356.mzid ..\..\Data\IMMS_data\temp_mascot_res\Glycogen_phosphorylase_210510F011356_plusMob.mzid 
2012-02-27 12:43:12,157 WARN MzIdentMLElement - MzIdentML Configuration file: jar:file:/C:/Work/IonMobility/svn/mobility_mzIdentML/mobility_mzIdentML/dist/lib/jmzidentml-1.1.3.jar!/defaultMzIdentMLElement.cfg.xml
Check the output file: ..\..\Data\IMMS_data\temp_mascot_res\Glycogen_phosphorylase_210510F011356_plusMob.mzid

C:\Work\IonMobility\svn\mobility_mzIdentML\mobility_mzIdentML>java -jar "dist\mobility_mzIdentML.jar" 4 ..\..\Data\IMMS_data\final_mgf\Glyphos_250510combined_ppmShift.mgf ..\..\Data\IMMS_data\temp_mascot_res\Glyphos_250510F011347.mzid ..\..\Data\IMMS_data\temp_mascot_res\Glyphos_250510F011347_plusMob.mzid 
2012-02-27 12:43:12,979 WARN MzIdentMLElement - MzIdentML Configuration file: jar:file:/C:/Work/IonMobility/svn/mobility_mzIdentML/mobility_mzIdentML/dist/lib/jmzidentml-1.1.3.jar!/defaultMzIdentMLElement.cfg.xml
Check the output file: ..\..\Data\IMMS_data\temp_mascot_res\Glyphos_250510F011347_plusMob.mzid
